Build started 2015-05-02 16:22:35.
     1>Project "C:\Users\TP\Desktop\doktoranckie\ActionRec\DepthMapBinIOSample\DepthMapBinIOSample.vcxproj" on node 2 (Build target(s)).
     1>Link:
         C:\Program Files (x86)\Microsoft Visual Studio 11.0\VC\bin\link.exe /ERRORREPORT:PROMPT /OUT:"C:\Users\TP\Desktop\doktoranckie\ActionRec\Debug\DepthMapBinIOSample.exe" /INCREMENTAL /NOLOGO /LIBPATH:C:\opencv2410\build\x64\vc11\bin /LIBPATH:C:\opencv2410\build\x64\vc11\lib opencv_calib3d2410d.lib opencv_contrib2410d.lib opencv_core2410d.lib opencv_features2d2410d.lib opencv_flann2410d.lib opencv_gpu2410d.lib opencv_highgui2410d.lib opencv_imgproc2410d.lib opencv_legacy2410d.lib opencv_ml2410d.lib opencv_nonfree2410d.lib opencv_objdetect2410d.lib opencv_ocl2410d.lib opencv_photo2410d.lib opencv_stitching2410d.lib opencv_superres2410d.lib opencv_ts2410d.lib opencv_video2410d.lib opencv_videostab2410d.lib kernel32.lib user32.lib gdi32.lib winspool.lib comdlg32.lib advapi32.lib shell32.lib ole32.lib oleaut32.lib uuid.lib odbc32.lib odbccp32.lib /MANIFEST /MANIFESTUAC:"level='asInvoker' uiAccess='false'" /manifest:embed /DEBUG /PDB:"C:\Users\TP\Desktop\doktoranckie\ActionRec\Debug\DepthMapBinIOSample.pdb" /SUBSYSTEM:CONSOLE /TLBID:1 /DYNAMICBASE /NXCOMPAT /IMPLIB:"C:\Users\TP\Desktop\doktoranckie\ActionRec\Debug\DepthMapBinIOSample.lib" /MACHINE:X86 /SAFESEH Debug\Dataset.obj
         Debug\DepthMap.obj
         Debug\DepthMapBinFileIO.obj
         Debug\DepthMapBinIOSample.obj
         Debug\Difference.obj
         Debug\Features.obj
         Debug\io.obj
         Debug\pca.obj
         Debug\PointCloud.obj
         Debug\ShapeContex.obj
         Debug\stdafx.obj
         Debug\utils.obj
     1>Dataset.obj : warning LNK4075: ignoring '/EDITANDCONTINUE' due to '/SAFESEH' specification
     1>opencv_highgui2410d.lib(opencv_highgui2410d.dll) : fatal error LNK1112: module machine type 'x64' conflicts with target machine type 'X86'
     1>Done Building Project "C:\Users\TP\Desktop\doktoranckie\ActionRec\DepthMapBinIOSample\DepthMapBinIOSample.vcxproj" (Build target(s)) -- FAILED.

Build FAILED.

Time Elapsed 00:00:02.01
